<?xml version="1.0" encoding="UTF-8" ?>
<testsuite tests="5" failures="0" name="runner.Test_Runner" time="92.342" errors="0" skipped="0">
  <properties>
[...]
</properties>
  <testcase classname="feature to test data driven log in functionnality" name="Chack login is successful with valid cradentioal #1" time="19.685"/>
  <testcase classname="feature to test data driven log in functionnality" name="Chack login is successful with valid cradentioal #2" time="20.732"/>
  <testcase classname="Login PNT fourm" name="User Successfullly login with valid Credentials" time="26.153"/>
  <testcase classname="feature  log in functionnality validation" name="Chack User login  successful with valid cradentioal" time="10.145"/>
  <testcase classname="Login" name="Successful login with valid Credentials" time="15.627"/>
</testsuite>