<?xml version="1.0" encoding="UTF-8" ?>
<testsuite tests="5" failures="0" name="runner.Test_Runner" time="95.088" errors="0" skipped="0">
  <properties>
[...]
</properties>
  <testcase classname="feature to test data driven log in functionnality" name="Chack login is successful with valid cradentioal #1" time="19.491"/>
  <testcase classname="feature to test data driven log in functionnality" name="Chack login is successful with valid cradentioal #2" time="18.942"/>
  <testcase classname="Login PNT fourm" name="User Successfullly login with valid Credentials" time="27.913"/>
  <testcase classname="feature  log in functionnality validation" name="Chack User login  successful with valid cradentioal" time="14.031"/>
  <testcase classname="Login" name="Successful login with valid Credentials" time="14.711"/>
</testsuite>